<?xml version="1.0" encoding="UTF-8"?>
<testsuite name="com.pragma.carpooling.domain.usecase.RutaUseCaseTest" tests="2" skipped="0" failures="0" errors="0" timestamp="2022-10-05T05:22:58" hostname="LAPTOP-I12F1DJ3" time="0.02">
  <properties/>
  <testcase name="mustGuardarRuta_whenGuardarRuta()" classname="com.pragma.carpooling.domain.usecase.RutaUseCaseTest" time="0.007"/>
  <testcase name="expectCuposInvalidosException_whenCuposInvalidos()" classname="com.pragma.carpooling.domain.usecase.RutaUseCaseTest" time="0.009"/>
  <system-out><![CDATA[2022-10-05 00:22:58.411  INFO 13936 --- [    Test worker] o.s.t.c.s.DefaultTestContextBootstrapper : Neither @ContextConfiguration nor @ContextHierarchy found for test class [com.pragma.carpooling.domain.usecase.RutaUseCaseTest], using DelegatingSmartContextLoader
2022-10-05 00:22:58.412  INFO 13936 --- [    Test worker] o.s.t.c.support.AbstractContextLoader    : Could not detect default resource locations for test class [com.pragma.carpooling.domain.usecase.RutaUseCaseTest]: no resource found for suffixes {-context.xml}.
2022-10-05 00:22:58.412  INFO 13936 --- [    Test worker] t.c.s.AnnotationConfigContextLoaderUtils : Could not detect default configuration classes for test class [com.pragma.carpooling.domain.usecase.RutaUseCaseTest]: RutaUseCaseTest does not declare any static, non-private, non-final, nested classes annotated with @Configuration.
2022-10-05 00:22:58.414  INFO 13936 --- [    Test worker] o.s.t.c.s.DefaultTestContextBootstrapper : Loaded default TestExecutionListener class names from location [META-INF/spring.factories]: [org.springframework.boot.test.autoconfigure.restdocs.RestDocsTestExecutionListener, org.springframework.boot.test.autoconfigure.web.client.MockRestServiceServerResetTestExecutionListener, org.springframework.boot.test.autoconfigure.web.servlet.MockMvcPrintOnlyOnFailureTestExecutionListener, org.springframework.boot.test.autoconfigure.web.servlet.WebDriverTestExecutionListener, org.springframework.boot.test.autoconfigure.webservices.client.MockWebServiceServerTestExecutionListener, org.springframework.boot.test.mock.mockito.MockitoTestExecutionListener, org.springframework.boot.test.mock.mockito.ResetMocksTestExecutionListener, org.springframework.test.context.web.ServletTestExecutionListener, org.springframework.test.context.support.DirtiesContextBeforeModesTestExecutionListener, org.springframework.test.context.event.ApplicationEventsTestExecutionListener, org.springframework.test.context.support.DependencyInjectionTestExecutionListener, org.springframework.test.context.support.DirtiesContextTestExecutionListener, org.springframework.test.context.transaction.TransactionalTestExecutionListener, org.springframework.test.context.jdbc.SqlScriptsTestExecutionListener, org.springframework.test.context.event.EventPublishingTestExecutionListener]
2022-10-05 00:22:58.415  INFO 13936 --- [    Test worker] o.s.t.c.s.DefaultTestContextBootstrapper : Using TestExecutionListeners: [org.springframework.test.context.web.ServletTestExecutionListener@29250e1f, org.springframework.test.context.support.DirtiesContextBeforeModesTestExecutionListener@2f66d322, org.springframework.test.context.event.ApplicationEventsTestExecutionListener@14ef0a7d, org.springframework.boot.test.mock.mockito.MockitoTestExecutionListener@18de3b, org.springframework.test.context.support.DependencyInjectionTestExecutionListener@14c7dd1, org.springframework.test.context.support.DirtiesContextTestExecutionListener@18aa4119, org.springframework.test.context.transaction.TransactionalTestExecutionListener@74fa1c93, org.springframework.test.context.jdbc.SqlScriptsTestExecutionListener@32d5ed31, org.springframework.test.context.event.EventPublishingTestExecutionListener@5015bc4f, org.springframework.boot.test.autoconfigure.restdocs.RestDocsTestExecutionListener@1afd9ddd, org.springframework.boot.test.autoconfigure.web.client.MockRestServiceServerResetTestExecutionListener@3ec70495, org.springframework.boot.test.autoconfigure.web.servlet.MockMvcPrintOnlyOnFailureTestExecutionListener@23e6da19, org.springframework.boot.test.autoconfigure.web.servlet.WebDriverTestExecutionListener@5eecfdee, org.springframework.boot.test.autoconfigure.webservices.client.MockWebServiceServerTestExecutionListener@2809909b, org.springframework.boot.test.mock.mockito.ResetMocksTestExecutionListener@2eeccaa3]
]]></system-out>
  <system-err><![CDATA[]]></system-err>
</testsuite>
