<?xml version="1.0" encoding="UTF-8"?>
<testsuite name="com.pragma.carpooling.domain.usecase.ViajeUseCaseTest" tests="2" skipped="0" failures="0" errors="0" timestamp="2022-10-05T05:22:58" hostname="LAPTOP-I12F1DJ3" time="0.025">
  <properties/>
  <testcase name="guardarListaViajes()" classname="com.pragma.carpooling.domain.usecase.ViajeUseCaseTest" time="0.012"/>
  <testcase name="expectHorarioNullException_whenHorarioNull()" classname="com.pragma.carpooling.domain.usecase.ViajeUseCaseTest" time="0.009"/>
  <system-out><![CDATA[2022-10-05 00:22:58.554  INFO 13936 --- [    Test worker] o.s.t.c.s.DefaultTestContextBootstrapper : Neither @ContextConfiguration nor @ContextHierarchy found for test class [com.pragma.carpooling.domain.usecase.ViajeUseCaseTest], using DelegatingSmartContextLoader
2022-10-05 00:22:58.556  INFO 13936 --- [    Test worker] o.s.t.c.support.AbstractContextLoader    : Could not detect default resource locations for test class [com.pragma.carpooling.domain.usecase.ViajeUseCaseTest]: no resource found for suffixes {-context.xml}.
2022-10-05 00:22:58.557  INFO 13936 --- [    Test worker] t.c.s.AnnotationConfigContextLoaderUtils : Could not detect default configuration classes for test class [com.pragma.carpooling.domain.usecase.ViajeUseCaseTest]: ViajeUseCaseTest does not declare any static, non-private, non-final, nested classes annotated with @Configuration.
2022-10-05 00:22:58.560  INFO 13936 --- [    Test worker] o.s.t.c.s.DefaultTestContextBootstrapper : Loaded default TestExecutionListener class names from location [META-INF/spring.factories]: [org.springframework.boot.test.autoconfigure.restdocs.RestDocsTestExecutionListener, org.springframework.boot.test.autoconfigure.web.client.MockRestServiceServerResetTestExecutionListener, org.springframework.boot.test.autoconfigure.web.servlet.MockMvcPrintOnlyOnFailureTestExecutionListener, org.springframework.boot.test.autoconfigure.web.servlet.WebDriverTestExecutionListener, org.springframework.boot.test.autoconfigure.webservices.client.MockWebServiceServerTestExecutionListener, org.springframework.boot.test.mock.mockito.MockitoTestExecutionListener, org.springframework.boot.test.mock.mockito.ResetMocksTestExecutionListener, org.springframework.test.context.web.ServletTestExecutionListener, org.springframework.test.context.support.DirtiesContextBeforeModesTestExecutionListener, org.springframework.test.context.event.ApplicationEventsTestExecutionListener, org.springframework.test.context.support.DependencyInjectionTestExecutionListener, org.springframework.test.context.support.DirtiesContextTestExecutionListener, org.springframework.test.context.transaction.TransactionalTestExecutionListener, org.springframework.test.context.jdbc.SqlScriptsTestExecutionListener, org.springframework.test.context.event.EventPublishingTestExecutionListener]
2022-10-05 00:22:58.560  INFO 13936 --- [    Test worker] o.s.t.c.s.DefaultTestContextBootstrapper : Using TestExecutionListeners: [org.springframework.test.context.web.ServletTestExecutionListener@47490edb, org.springframework.test.context.support.DirtiesContextBeforeModesTestExecutionListener@5812a08f, org.springframework.test.context.event.ApplicationEventsTestExecutionListener@6d218c98, org.springframework.boot.test.mock.mockito.MockitoTestExecutionListener@c4e99f7, org.springframework.test.context.support.DependencyInjectionTestExecutionListener@3fe7173, org.springframework.test.context.support.DirtiesContextTestExecutionListener@4ea5af5b, org.springframework.test.context.transaction.TransactionalTestExecutionListener@2f81bf5b, org.springframework.test.context.jdbc.SqlScriptsTestExecutionListener@57780a7d, org.springframework.test.context.event.EventPublishingTestExecutionListener@277d8c08, org.springframework.boot.test.autoconfigure.restdocs.RestDocsTestExecutionListener@444130cb, org.springframework.boot.test.autoconfigure.web.client.MockRestServiceServerResetTestExecutionListener@6698247f, org.springframework.boot.test.autoconfigure.web.servlet.MockMvcPrintOnlyOnFailureTestExecutionListener@71a4f133, org.springframework.boot.test.autoconfigure.web.servlet.WebDriverTestExecutionListener@3af23ec3, org.springframework.boot.test.autoconfigure.webservices.client.MockWebServiceServerTestExecutionListener@7778863e, org.springframework.boot.test.mock.mockito.ResetMocksTestExecutionListener@50e4ff72]
]]></system-out>
  <system-err><![CDATA[]]></system-err>
</testsuite>
