<?xml version="1.0" encoding="UTF-8"?>
<testsuite name="com.pragma.carpooling.CarpoolingApplicationTests" tests="1" skipped="0" failures="0" errors="0" timestamp="2022-10-05T05:22:56" hostname="LAPTOP-I12F1DJ3" time="0.805">
  <properties/>
  <testcase name="contextLoads()" classname="com.pragma.carpooling.CarpoolingApplicationTests" time="0.805"/>
  <system-out><![CDATA[00:21:52.353 [Test worker] DEBUG org.springframework.test.context.BootstrapUtils - Instantiating CacheAwareContextLoaderDelegate from class [org.springframework.test.context.cache.DefaultCacheAwareContextLoaderDelegate]
00:21:52.492 [Test worker] DEBUG org.springframework.test.context.BootstrapUtils - Instantiating BootstrapContext using constructor [public org.springframework.test.context.support.DefaultBootstrapContext(java.lang.Class,org.springframework.test.context.CacheAwareContextLoaderDelegate)]
00:21:52.826 [Test worker] DEBUG org.springframework.test.context.BootstrapUtils - Instantiating TestContextBootstrapper for test class [com.pragma.carpooling.CarpoolingApplicationTests] from class [org.springframework.boot.test.context.SpringBootTestContextBootstrapper]
00:21:52.901 [Test worker] INFO org.springframework.boot.test.context.SpringBootTestContextBootstrapper - Neither @ContextConfiguration nor @ContextHierarchy found for test class [com.pragma.carpooling.CarpoolingApplicationTests], using SpringBootContextLoader
00:21:52.945 [Test worker] DEBUG org.springframework.test.context.support.AbstractContextLoader - Did not detect default resource location for test class [com.pragma.carpooling.CarpoolingApplicationTests]: class path resource [com/pragma/carpooling/CarpoolingApplicationTests-context.xml] does not exist
00:21:52.948 [Test worker] DEBUG org.springframework.test.context.support.AbstractContextLoader - Did not detect default resource location for test class [com.pragma.carpooling.CarpoolingApplicationTests]: class path resource [com/pragma/carpooling/CarpoolingApplicationTestsContext.groovy] does not exist
00:21:52.950 [Test worker] INFO org.springframework.test.context.support.AbstractContextLoader - Could not detect default resource locations for test class [com.pragma.carpooling.CarpoolingApplicationTests]: no resource found for suffixes {-context.xml, Context.groovy}.
00:21:52.956 [Test worker] INFO org.springframework.test.context.support.AnnotationConfigContextLoaderUtils - Could not detect default configuration classes for test class [com.pragma.carpooling.CarpoolingApplicationTests]: CarpoolingApplicationTests does not declare any static, non-private, non-final, nested classes annotated with @Configuration.
00:21:53.291 [Test worker] DEBUG org.springframework.test.context.support.ActiveProfilesUtils - Could not find an 'annotation declaring class' for annotation type [org.springframework.test.context.ActiveProfiles] and class [com.pragma.carpooling.CarpoolingApplicationTests]
00:21:53.965 [Test worker] DEBUG org.springframework.context.annotation.ClassPathScanningCandidateComponentProvider - Identified candidate component class: file [C:\Cursos\Reto-Pragma\carpoolingv2\carpooling\build\classes\java\main\com\pragma\carpooling\CarpoolingApplication.class]
00:21:53.969 [Test worker] INFO org.springframework.boot.test.context.SpringBootTestContextBootstrapper - Found @SpringBootConfiguration com.pragma.carpooling.CarpoolingApplication for test class com.pragma.carpooling.CarpoolingApplicationTests
00:21:54.759 [Test worker] DEBUG org.springframework.boot.test.context.SpringBootTestContextBootstrapper - @TestExecutionListeners is not present for class [com.pragma.carpooling.CarpoolingApplicationTests]: using defaults.
00:21:54.763 [Test worker] INFO org.springframework.boot.test.context.SpringBootTestContextBootstrapper - Loaded default TestExecutionListener class names from location [META-INF/spring.factories]: [org.springframework.boot.test.autoconfigure.restdocs.RestDocsTestExecutionListener, org.springframework.boot.test.autoconfigure.web.client.MockRestServiceServerResetTestExecutionListener, org.springframework.boot.test.autoconfigure.web.servlet.MockMvcPrintOnlyOnFailureTestExecutionListener, org.springframework.boot.test.autoconfigure.web.servlet.WebDriverTestExecutionListener, org.springframework.boot.test.autoconfigure.webservices.client.MockWebServiceServerTestExecutionListener, org.springframework.boot.test.mock.mockito.MockitoTestExecutionListener, org.springframework.boot.test.mock.mockito.ResetMocksTestExecutionListener, org.springframework.test.context.web.ServletTestExecutionListener, org.springframework.test.context.support.DirtiesContextBeforeModesTestExecutionListener, org.springframework.test.context.event.ApplicationEventsTestExecutionListener, org.springframework.test.context.support.DependencyInjectionTestExecutionListener, org.springframework.test.context.support.DirtiesContextTestExecutionListener, org.springframework.test.context.transaction.TransactionalTestExecutionListener, org.springframework.test.context.jdbc.SqlScriptsTestExecutionListener, org.springframework.test.context.event.EventPublishingTestExecutionListener]
00:21:54.895 [Test worker] INFO org.springframework.boot.test.context.SpringBootTestContextBootstrapper - Using TestExecutionListeners: [org.springframework.test.context.web.ServletTestExecutionListener@5c7e55a4, org.springframework.test.context.support.DirtiesContextBeforeModesTestExecutionListener@7ae6927, org.springframework.test.context.event.ApplicationEventsTestExecutionListener@7d0df326, org.springframework.boot.test.mock.mockito.MockitoTestExecutionListener@43f7f48d, org.springframework.boot.test.autoconfigure.SpringBootDependencyInjectionTestExecutionListener@6d0a4a22, org.springframework.test.context.support.DirtiesContextTestExecutionListener@1999e1f5, org.springframework.test.context.transaction.TransactionalTestExecutionListener@b1fa523, org.springframework.test.context.jdbc.SqlScriptsTestExecutionListener@77307b51, org.springframework.test.context.event.EventPublishingTestExecutionListener@48d464cf, org.springframework.boot.test.autoconfigure.restdocs.RestDocsTestExecutionListener@1e14b269, org.springframework.boot.test.autoconfigure.web.client.MockRestServiceServerResetTestExecutionListener@68543a35, org.springframework.boot.test.autoconfigure.web.servlet.MockMvcPrintOnlyOnFailureTestExecutionListener@1cca2e9d, org.springframework.boot.test.autoconfigure.web.servlet.WebDriverTestExecutionListener@77d3c3d7, org.springframework.boot.test.autoconfigure.webservices.client.MockWebServiceServerTestExecutionListener@4cefa0be, org.springframework.boot.test.mock.mockito.ResetMocksTestExecutionListener@5a3be84]
00:21:54.912 [Test worker] DEBUG org.springframework.test.context.support.AbstractDirtiesContextTestExecutionListener - Before test class: context [DefaultTestContext@5c3924fd testClass = CarpoolingApplicationTests, testInstance = [null], testMethod = [null], testException = [null], mergedContextConfiguration = [WebMergedContextConfiguration@3ec211cc testClass = CarpoolingApplicationTests, locations = '{}', classes = '{class com.pragma.carpooling.CarpoolingApplication}', contextInitializerClasses = '[]', activeProfiles = '{}', propertySourceLocations = '{}', propertySourceProperties = '{org.springframework.boot.test.context.SpringBootTestContextBootstrapper=true}', contextCustomizers = set[org.springframework.boot.test.autoconfigure.actuate.metrics.MetricsExportContextCustomizerFactory$DisableMetricExportContextCustomizer@2b01c689, org.springframework.boot.test.autoconfigure.properties.PropertyMappingContextCustomizer@0, org.springframework.boot.test.autoconfigure.web.servlet.WebDriverContextCustomizerFactory$Customizer@652e345, org.springframework.boot.test.context.filter.ExcludeFilterContextCustomizer@1af677f8, org.springframework.boot.test.json.DuplicateJsonObjectContextCustomizerFactory$DuplicateJsonObjectContextCustomizer@394fb736, org.springframework.boot.test.mock.mockito.MockitoContextCustomizer@0, org.springframework.boot.test.web.client.TestRestTemplateContextCustomizer@5fb7ab9c, org.springframework.boot.test.context.SpringBootTestArgs@1, org.springframework.boot.test.context.SpringBootTestWebEnvironment@431f1eaf], resourceBasePath = 'src/main/webapp', contextLoader = 'org.springframework.boot.test.context.SpringBootContextLoader', parent = [null]], attributes = map['org.springframework.test.context.web.ServletTestExecutionListener.activateListener' -> true]], class annotated with @DirtiesContext [false] with mode [null].

  .   ____          _            __ _ _
 /\\ / ___'_ __ _ _(_)_ __  __ _ \ \ \ \
( ( )\___ | '_ | '_| | '_ \/ _` | \ \ \ \
 \\/  ___)| |_)| | | | | || (_| |  ) ) ) )
  '  |____| .__|_| |_|_| |_\__, | / / / /
 =========|_|==============|___/=/_/_/_/
 :: Spring Boot ::                (v2.7.4)

2022-10-05 00:21:57.139  INFO 13936 --- [    Test worker] c.p.c.CarpoolingApplicationTests         : Starting CarpoolingApplicationTests using Java 14.0.1 on LAPTOP-I12F1DJ3 with PID 13936 (started by Usuario in C:\Cursos\Reto-Pragma\carpoolingv2\carpooling)
2022-10-05 00:21:57.143  INFO 13936 --- [    Test worker] c.p.c.CarpoolingApplicationTests         : No active profile set, falling back to 1 default profile: "default"
2022-10-05 00:22:01.493  INFO 13936 --- [    Test worker] .s.d.r.c.RepositoryConfigurationDelegate : Bootstrapping Spring Data JPA repositories in DEFAULT mode.
2022-10-05 00:22:01.837  INFO 13936 --- [    Test worker] .s.d.r.c.RepositoryConfigurationDelegate : Finished Spring Data repository scanning in 300 ms. Found 5 JPA repository interfaces.
2022-10-05 00:22:05.269  INFO 13936 --- [    Test worker] o.hibernate.jpa.internal.util.LogHelper  : HHH000204: Processing PersistenceUnitInfo [name: default]
2022-10-05 00:22:05.782  INFO 13936 --- [    Test worker] org.hibernate.Version                    : HHH000412: Hibernate ORM core version 5.6.11.Final
2022-10-05 00:22:07.243  INFO 13936 --- [    Test worker] o.hibernate.annotations.common.Version   : HCANN000001: Hibernate Commons Annotations {5.1.2.Final}
2022-10-05 00:22:08.519  INFO 13936 --- [    Test worker] com.zaxxer.hikari.HikariDataSource       : HikariPool-1 - Starting...
2022-10-05 00:22:10.680  INFO 13936 --- [    Test worker] com.zaxxer.hikari.HikariDataSource       : HikariPool-1 - Start completed.
2022-10-05 00:22:10.848  INFO 13936 --- [    Test worker] org.hibernate.dialect.Dialect            : HHH000400: Using dialect: org.hibernate.dialect.MySQL8Dialect
Hibernate: alter table ruta drop foreign key FKd2oocdvd366ye4l35rlls1qp2
Hibernate: alter table ruta_barrio drop foreign key FKow2l6ife2l1eaa4f8j3moqaxq
Hibernate: alter table ruta_barrio drop foreign key FKeu2sv2u2jmd9evmgqi6nffnrp
Hibernate: alter table viaje drop foreign key FKm9ijyemff16px45soofcc2n3j
Hibernate: drop table if exists barrio
Hibernate: drop table if exists hibernate_sequence
Hibernate: drop table if exists ruta
Hibernate: drop table if exists ruta_barrio
Hibernate: drop table if exists usuario
Hibernate: drop table if exists viaje
Hibernate: create table barrio (id_barrio bigint not null auto_increment, descripcion varchar(255), nombre varchar(255), primary key (id_barrio)) engine=InnoDB
Hibernate: create table hibernate_sequence (next_val bigint) engine=InnoDB
Hibernate: insert into hibernate_sequence values ( 1 )
Hibernate: create table ruta (id_ruta bigint not null auto_increment, cupos integer, descripcion varchar(255), id_conductor bigint, primary key (id_ruta)) engine=InnoDB
Hibernate: create table ruta_barrio (id bigint not null, posicion integer, punto_encuentro varchar(255), id_barrio bigint, id_ruta bigint, primary key (id)) engine=InnoDB
Hibernate: create table usuario (id_usuario bigint not null auto_increment, apellidos varchar(255), email varchar(255), nombres varchar(255), primary key (id_usuario)) engine=InnoDB
Hibernate: create table viaje (id_viaje bigint not null auto_increment, horario datetime(6), id_ruta bigint, primary key (id_viaje)) engine=InnoDB
Hibernate: alter table usuario add constraint email_unique unique (email)
Hibernate: alter table ruta add constraint FKd2oocdvd366ye4l35rlls1qp2 foreign key (id_conductor) references usuario (id_usuario)
Hibernate: alter table ruta_barrio add constraint FKow2l6ife2l1eaa4f8j3moqaxq foreign key (id_barrio) references barrio (id_barrio)
Hibernate: alter table ruta_barrio add constraint FKeu2sv2u2jmd9evmgqi6nffnrp foreign key (id_ruta) references ruta (id_ruta)
Hibernate: alter table viaje add constraint FKm9ijyemff16px45soofcc2n3j foreign key (id_ruta) references ruta_barrio (id)
2022-10-05 00:22:46.440  INFO 13936 --- [    Test worker] o.h.e.t.j.p.i.JtaPlatformInitiator       : HHH000490: Using JtaPlatform implementation: [org.hibernate.engine.transaction.jta.platform.internal.NoJtaPlatform]
2022-10-05 00:22:46.496  INFO 13936 --- [    Test worker] j.LocalContainerEntityManagerFactoryBean : Initialized JPA EntityManagerFactory for persistence unit 'default'
2022-10-05 00:22:50.939  WARN 13936 --- [    Test worker] JpaBaseConfiguration$JpaWebConfiguration : spring.jpa.open-in-view is enabled by default. Therefore, database queries may be performed during view rendering. Explicitly configure spring.jpa.open-in-view to disable this warning
2022-10-05 00:22:56.685  INFO 13936 --- [    Test worker] c.p.c.CarpoolingApplicationTests         : Started CarpoolingApplicationTests in 61.541 seconds (JVM running for 70.006)
]]></system-out>
  <system-err><![CDATA[[2022.10.05 00:21:55] (Coverage): Error during class instrumentation: org.springframework.boot.logging.log4j2.Log4J2LoggingSystem: java.lang.RuntimeException: java.io.IOException: Class org/apache/logging/log4j/core/config/composite/CompositeConfiguration not found
]]></system-err>
</testsuite>
