<?xml version="1.0" encoding="UTF-8"?>
<testsuite name="com.pragma.carpooling.domain.usecase.UsuarioUseCaseTest" tests="1" skipped="0" failures="0" errors="0" timestamp="2022-10-05T05:22:58" hostname="LAPTOP-I12F1DJ3" time="0.01">
  <properties/>
  <testcase name="guardarUsuario()" classname="com.pragma.carpooling.domain.usecase.UsuarioUseCaseTest" time="0.01"/>
  <system-out><![CDATA[2022-10-05 00:22:58.472  INFO 13936 --- [    Test worker] o.s.t.c.s.DefaultTestContextBootstrapper : Neither @ContextConfiguration nor @ContextHierarchy found for test class [com.pragma.carpooling.domain.usecase.UsuarioUseCaseTest], using DelegatingSmartContextLoader
2022-10-05 00:22:58.474  INFO 13936 --- [    Test worker] o.s.t.c.support.AbstractContextLoader    : Could not detect default resource locations for test class [com.pragma.carpooling.domain.usecase.UsuarioUseCaseTest]: no resource found for suffixes {-context.xml}.
2022-10-05 00:22:58.474  INFO 13936 --- [    Test worker] t.c.s.AnnotationConfigContextLoaderUtils : Could not detect default configuration classes for test class [com.pragma.carpooling.domain.usecase.UsuarioUseCaseTest]: UsuarioUseCaseTest does not declare any static, non-private, non-final, nested classes annotated with @Configuration.
2022-10-05 00:22:58.477  INFO 13936 --- [    Test worker] o.s.t.c.s.DefaultTestContextBootstrapper : Loaded default TestExecutionListener class names from location [META-INF/spring.factories]: [org.springframework.boot.test.autoconfigure.restdocs.RestDocsTestExecutionListener, org.springframework.boot.test.autoconfigure.web.client.MockRestServiceServerResetTestExecutionListener, org.springframework.boot.test.autoconfigure.web.servlet.MockMvcPrintOnlyOnFailureTestExecutionListener, org.springframework.boot.test.autoconfigure.web.servlet.WebDriverTestExecutionListener, org.springframework.boot.test.autoconfigure.webservices.client.MockWebServiceServerTestExecutionListener, org.springframework.boot.test.mock.mockito.MockitoTestExecutionListener, org.springframework.boot.test.mock.mockito.ResetMocksTestExecutionListener, org.springframework.test.context.web.ServletTestExecutionListener, org.springframework.test.context.support.DirtiesContextBeforeModesTestExecutionListener, org.springframework.test.context.event.ApplicationEventsTestExecutionListener, org.springframework.test.context.support.DependencyInjectionTestExecutionListener, org.springframework.test.context.support.DirtiesContextTestExecutionListener, org.springframework.test.context.transaction.TransactionalTestExecutionListener, org.springframework.test.context.jdbc.SqlScriptsTestExecutionListener, org.springframework.test.context.event.EventPublishingTestExecutionListener]
2022-10-05 00:22:58.478  INFO 13936 --- [    Test worker] o.s.t.c.s.DefaultTestContextBootstrapper : Using TestExecutionListeners: [org.springframework.test.context.web.ServletTestExecutionListener@10dcef84, org.springframework.test.context.support.DirtiesContextBeforeModesTestExecutionListener@62b6830f, org.springframework.test.context.event.ApplicationEventsTestExecutionListener@bcf681d, org.springframework.boot.test.mock.mockito.MockitoTestExecutionListener@367fd16a, org.springframework.test.context.support.DependencyInjectionTestExecutionListener@41a8a8ee, org.springframework.test.context.support.DirtiesContextTestExecutionListener@1750e52f, org.springframework.test.context.transaction.TransactionalTestExecutionListener@67aff858, org.springframework.test.context.jdbc.SqlScriptsTestExecutionListener@2f139146, org.springframework.test.context.event.EventPublishingTestExecutionListener@2b78b392, org.springframework.boot.test.autoconfigure.restdocs.RestDocsTestExecutionListener@3b11524f, org.springframework.boot.test.autoconfigure.web.client.MockRestServiceServerResetTestExecutionListener@23e4004d, org.springframework.boot.test.autoconfigure.web.servlet.MockMvcPrintOnlyOnFailureTestExecutionListener@104e2cd6, org.springframework.boot.test.autoconfigure.web.servlet.WebDriverTestExecutionListener@7e44f96e, org.springframework.boot.test.autoconfigure.webservices.client.MockWebServiceServerTestExecutionListener@4f765fc3, org.springframework.boot.test.mock.mockito.ResetMocksTestExecutionListener@4c13c808]
]]></system-out>
  <system-err><![CDATA[]]></system-err>
</testsuite>
