<?xml version="1.0" encoding="UTF-8"?>
<testsuite name="com.pragma.carpooling.domain.usecase.BarrioUseCaseTest" tests="3" skipped="0" failures="0" errors="0" timestamp="2022-10-05T05:22:57" hostname="LAPTOP-I12F1DJ3" time="0.458">
  <properties/>
  <testcase name="guardarListabarrios()" classname="com.pragma.carpooling.domain.usecase.BarrioUseCaseTest" time="0.077"/>
  <testcase name="expectNoHaySuficientesBarriosException_whenMenosDeDosBarrios()" classname="com.pragma.carpooling.domain.usecase.BarrioUseCaseTest" time="0.369"/>
  <testcase name="expectBarriosRepetidosException_whenHayBarriosRepetidos()" classname="com.pragma.carpooling.domain.usecase.BarrioUseCaseTest" time="0.005"/>
  <system-out><![CDATA[2022-10-05 00:22:57.624  INFO 13936 --- [    Test worker] o.s.t.c.s.DefaultTestContextBootstrapper : Neither @ContextConfiguration nor @ContextHierarchy found for test class [com.pragma.carpooling.domain.usecase.BarrioUseCaseTest], using DelegatingSmartContextLoader
2022-10-05 00:22:57.627  INFO 13936 --- [    Test worker] o.s.t.c.support.AbstractContextLoader    : Could not detect default resource locations for test class [com.pragma.carpooling.domain.usecase.BarrioUseCaseTest]: no resource found for suffixes {-context.xml}.
2022-10-05 00:22:57.629  INFO 13936 --- [    Test worker] t.c.s.AnnotationConfigContextLoaderUtils : Could not detect default configuration classes for test class [com.pragma.carpooling.domain.usecase.BarrioUseCaseTest]: BarrioUseCaseTest does not declare any static, non-private, non-final, nested classes annotated with @Configuration.
2022-10-05 00:22:57.633  INFO 13936 --- [    Test worker] o.s.t.c.s.DefaultTestContextBootstrapper : Loaded default TestExecutionListener class names from location [META-INF/spring.factories]: [org.springframework.boot.test.autoconfigure.restdocs.RestDocsTestExecutionListener, org.springframework.boot.test.autoconfigure.web.client.MockRestServiceServerResetTestExecutionListener, org.springframework.boot.test.autoconfigure.web.servlet.MockMvcPrintOnlyOnFailureTestExecutionListener, org.springframework.boot.test.autoconfigure.web.servlet.WebDriverTestExecutionListener, org.springframework.boot.test.autoconfigure.webservices.client.MockWebServiceServerTestExecutionListener, org.springframework.boot.test.mock.mockito.MockitoTestExecutionListener, org.springframework.boot.test.mock.mockito.ResetMocksTestExecutionListener, org.springframework.test.context.web.ServletTestExecutionListener, org.springframework.test.context.support.DirtiesContextBeforeModesTestExecutionListener, org.springframework.test.context.event.ApplicationEventsTestExecutionListener, org.springframework.test.context.support.DependencyInjectionTestExecutionListener, org.springframework.test.context.support.DirtiesContextTestExecutionListener, org.springframework.test.context.transaction.TransactionalTestExecutionListener, org.springframework.test.context.jdbc.SqlScriptsTestExecutionListener, org.springframework.test.context.event.EventPublishingTestExecutionListener]
2022-10-05 00:22:57.634  INFO 13936 --- [    Test worker] o.s.t.c.s.DefaultTestContextBootstrapper : Using TestExecutionListeners: [org.springframework.test.context.web.ServletTestExecutionListener@3205762c, org.springframework.test.context.support.DirtiesContextBeforeModesTestExecutionListener@7403692f, org.springframework.test.context.event.ApplicationEventsTestExecutionListener@7714c682, org.springframework.boot.test.mock.mockito.MockitoTestExecutionListener@7d1f37e5, org.springframework.test.context.support.DependencyInjectionTestExecutionListener@64329a7c, org.springframework.test.context.support.DirtiesContextTestExecutionListener@b17ddc4, org.springframework.test.context.transaction.TransactionalTestExecutionListener@5a663af2, org.springframework.test.context.jdbc.SqlScriptsTestExecutionListener@5e429e44, org.springframework.test.context.event.EventPublishingTestExecutionListener@2ed30e8a, org.springframework.boot.test.autoconfigure.restdocs.RestDocsTestExecutionListener@1b1f0f69, org.springframework.boot.test.autoconfigure.web.client.MockRestServiceServerResetTestExecutionListener@70451752, org.springframework.boot.test.autoconfigure.web.servlet.MockMvcPrintOnlyOnFailureTestExecutionListener@3abf07a0, org.springframework.boot.test.autoconfigure.web.servlet.WebDriverTestExecutionListener@caee923, org.springframework.boot.test.autoconfigure.webservices.client.MockWebServiceServerTestExecutionListener@6f29cb98, org.springframework.boot.test.mock.mockito.ResetMocksTestExecutionListener@370eaea8]
]]></system-out>
  <system-err><![CDATA[]]></system-err>
</testsuite>
